# JRE version: OpenJDK Runtime Environment (21.0.8) (build 21.0.8+-14018985-b1038.68)
# Java VM: OpenJDK 64-Bit Server VM (21.0.8+-14018985-b1038.68, mixed mode, tiered, compressed oops, compressed class ptrs, g1 gc, windows-amd64)
GC Precious Log:
 CardTable entry size: 512
 Card Set container configuration: InlinePtr #cards 5 size 8 Array Of Cards #cards 12 size 40 Howl #buckets 4 coarsen threshold 1843 Howl Bitmap #cards 512 size 80 coarsen threshold 460 Card regions per heap region 1 cards per card region 2048
 CPUs: 8 total, 8 available
 Memory: 8035M
 Large Page Support: Disabled
 NUMA Support: Disabled
 Compressed Oops: Enabled (32-bit)
 Heap Region Size: 1M
 Heap Min Capacity: 8M
 Heap Initial Capacity: 126M
 Heap Max Capacity: 2G
 Pre-touch: Disabled
 Parallel Workers: 8
 Concurrent Workers: 2
 Concurrent Refinement Workers: 8
 Periodic GC: Disabled
Heap:
 garbage-first heap   total 378880K, used 275584K [0x0000000080000000, 0x0000000100000000)
  region size 1024K, 15 young (15360K), 11 survivors (11264K)
 Metaspace       used 198670K, committed 201536K, reserved 1245184K
  class space    used 25764K, committed 27200K, reserved 1048576K
GC Heap History (20 events):
Event: 47.664 GC heap before
{Heap before GC invocations=51 (full 0):
 garbage-first heap   total 336896K, used 306218K [0x0000000080000000, 0x0000000100000000)
  region size 1024K, 113 young (115712K), 11 survivors (11264K)
 Metaspace       used 172967K, committed 175552K, reserved 1245184K
  class space    used 22850K, committed 24128K, reserved 1048576K
}
Event: 47.684 GC heap after
{Heap after GC invocations=52 (full 0):
 garbage-first heap   total 336896K, used 208538K [0x0000000080000000, 0x0000000100000000)
  region size 1024K, 14 young (14336K), 14 survivors (14336K)
 Metaspace       used 172967K, committed 175552K, reserved 1245184K
  class space    used 22850K, committed 24128K, reserved 1048576K
}
Event: 49.317 GC heap before
{Heap before GC invocations=53 (full 0):
 garbage-first heap   total 348160K, used 302746K [0x0000000080000000, 0x0000000100000000)
  region size 1024K, 107 young (109568K), 14 survivors (14336K)
 Metaspace       used 172967K, committed 175552K, reserved 1245184K
  class space    used 22850K, committed 24128K, reserved 1048576K
}
Event: 49.336 GC heap after
{Heap after GC invocations=54 (full 0):
 garbage-first heap   total 348160K, used 210078K [0x0000000080000000, 0x0000000100000000)
  region size 1024K, 9 young (9216K), 9 survivors (9216K)
 Metaspace       used 172967K, committed 175552K, reserved 1245184K
  class space    used 22850K, committed 24128K, reserved 1048576K
}
Event: 51.682 GC heap before
{Heap before GC invocations=54 (full 0):
 garbage-first heap   total 348160K, used 320670K [0x0000000080000000, 0x0000000100000000)
  region size 1024K, 116 young (118784K), 9 survivors (9216K)
 Metaspace       used 175521K, committed 178176K, reserved 1245184K
  class space    used 23086K, committed 24384K, reserved 1048576K
}
Event: 51.697 GC heap after
{Heap after GC invocations=55 (full 0):
 garbage-first heap   total 348160K, used 199433K [0x0000000080000000, 0x0000000100000000)
  region size 1024K, 12 young (12288K), 12 survivors (12288K)
 Metaspace       used 175521K, committed 178176K, reserved 1245184K
  class space    used 23086K, committed 24384K, reserved 1048576K
}
Event: 55.115 GC heap before
{Heap before GC invocations=55 (full 0):
 garbage-first heap   total 348160K, used 315145K [0x0000000080000000, 0x0000000100000000)
  region size 1024K, 125 young (128000K), 12 survivors (12288K)
 Metaspace       used 186106K, committed 188800K, reserved 1245184K
  class space    used 24563K, committed 25856K, reserved 1048576K
}
Event: 55.140 GC heap after
{Heap after GC invocations=56 (full 0):
 garbage-first heap   total 348160K, used 206690K [0x0000000080000000, 0x0000000100000000)
  region size 1024K, 16 young (16384K), 16 survivors (16384K)
 Metaspace       used 186106K, committed 188800K, reserved 1245184K
  class space    used 24563K, committed 25856K, reserved 1048576K
}
Event: 56.956 GC heap before
{Heap before GC invocations=57 (full 0):
 garbage-first heap   total 348160K, used 313186K [0x0000000080000000, 0x0000000100000000)
  region size 1024K, 120 young (122880K), 16 survivors (16384K)
 Metaspace       used 187188K, committed 189888K, reserved 1245184K
  class space    used 24689K, committed 25984K, reserved 1048576K
}
Event: 56.978 GC heap after
{Heap after GC invocations=58 (full 0):
 garbage-first heap   total 348160K, used 211801K [0x0000000080000000, 0x0000000100000000)
  region size 1024K, 14 young (14336K), 14 survivors (14336K)
 Metaspace       used 187188K, committed 189888K, reserved 1245184K
  class space    used 24689K, committed 25984K, reserved 1048576K
}
Event: 59.815 GC heap before
{Heap before GC invocations=58 (full 0):
 garbage-first heap   total 348160K, used 315225K [0x0000000080000000, 0x0000000100000000)
  region size 1024K, 116 young (118784K), 14 survivors (14336K)
 Metaspace       used 196520K, committed 199424K, reserved 1245184K
  class space    used 25666K, committed 27072K, reserved 1048576K
}
Event: 59.841 GC heap after
{Heap after GC invocations=59 (full 0):
 garbage-first heap   total 348160K, used 212453K [0x0000000080000000, 0x0000000100000000)
  region size 1024K, 12 young (12288K), 12 survivors (12288K)
 Metaspace       used 196520K, committed 199424K, reserved 1245184K
  class space    used 25666K, committed 27072K, reserved 1048576K
}
Event: 171.750 GC heap before
{Heap before GC invocations=59 (full 0):
 garbage-first heap   total 348160K, used 288229K [0x0000000080000000, 0x0000000100000000)
  region size 1024K, 88 young (90112K), 12 survivors (12288K)
 Metaspace       used 197247K, committed 200192K, reserved 1245184K
  class space    used 25737K, committed 27200K, reserved 1048576K
}
Event: 171.798 GC heap after
{Heap after GC invocations=60 (full 0):
 garbage-first heap   total 348160K, used 218598K [0x0000000080000000, 0x0000000100000000)
  region size 1024K, 14 young (14336K), 14 survivors (14336K)
 Metaspace       used 197247K, committed 200192K, reserved 1245184K
  class space    used 25737K, committed 27200K, reserved 1048576K
}
Event: 172.782 GC heap before
{Heap before GC invocations=61 (full 0):
 garbage-first heap   total 378880K, used 330214K [0x0000000080000000, 0x0000000100000000)
  region size 1024K, 107 young (109568K), 14 survivors (14336K)
 Metaspace       used 197394K, committed 200320K, reserved 1245184K
  class space    used 25737K, committed 27200K, reserved 1048576K
}
Event: 172.835 GC heap after
{Heap after GC invocations=62 (full 0):
 garbage-first heap   total 378880K, used 254449K [0x0000000080000000, 0x0000000100000000)
  region size 1024K, 14 young (14336K), 14 survivors (14336K)
 Metaspace       used 197394K, committed 200320K, reserved 1245184K
  class space    used 25737K, committed 27200K, reserved 1048576K
}
Event: 174.492 GC heap before
{Heap before GC invocations=62 (full 0):
 garbage-first heap   total 378880K, used 341489K [0x0000000080000000, 0x0000000100000000)
  region size 1024K, 98 young (100352K), 14 survivors (14336K)
 Metaspace       used 197891K, committed 200768K, reserved 1245184K
  class space    used 25763K, committed 27200K, reserved 1048576K
}
Event: 174.530 GC heap after
{Heap after GC invocations=63 (full 0):
 garbage-first heap   total 378880K, used 262985K [0x0000000080000000, 0x0000000100000000)
  region size 1024K, 11 young (11264K), 11 survivors (11264K)
 Metaspace       used 197891K, committed 200768K, reserved 1245184K
  class space    used 25763K, committed 27200K, reserved 1048576K
}
Event: 176.131 GC heap before
{Heap before GC invocations=63 (full 0):
 garbage-first heap   total 378880K, used 343881K [0x0000000080000000, 0x0000000100000000)
  region size 1024K, 90 young (92160K), 11 survivors (11264K)
 Metaspace       used 198485K, committed 201344K, reserved 1245184K
  class space    used 25764K, committed 27200K, reserved 1048576K
}
Event: 176.150 GC heap after
{Heap after GC invocations=64 (full 0):
 garbage-first heap   total 378880K, used 273536K [0x0000000080000000, 0x0000000100000000)
  region size 1024K, 11 young (11264K), 11 survivors (11264K)
 Metaspace       used 198485K, committed 201344K, reserved 1245184K
  class space    used 25764K, committed 27200K, reserved 1048576K
}

