# JRE version: OpenJDK Runtime Environment (21.0.8) (build 21.0.8+-14018985-b1038.68)
# Java VM: OpenJDK 64-Bit Server VM (21.0.8+-14018985-b1038.68, mixed mode, tiered, compressed oops, compressed class ptrs, g1 gc, windows-amd64)
GC Precious Log:
 CardTable entry size: 512
 Card Set container configuration: InlinePtr #cards 5 size 8 Array Of Cards #cards 12 size 40 Howl #buckets 4 coarsen threshold 1843 Howl Bitmap #cards 512 size 80 coarsen threshold 460 Card regions per heap region 1 cards per card region 2048
 CPUs: 8 total, 8 available
 Memory: 8035M
 Large Page Support: Disabled
 NUMA Support: Disabled
 Compressed Oops: Enabled (32-bit)
 Heap Region Size: 1M
 Heap Min Capacity: 8M
 Heap Initial Capacity: 126M
 Heap Max Capacity: 2G
 Pre-touch: Disabled
 Parallel Workers: 8
 Concurrent Workers: 2
 Concurrent Refinement Workers: 8
 Periodic GC: Disabled
Heap:
 garbage-first heap   total 357376K, used 272860K [0x0000000080000000, 0x0000000100000000)
  region size 1024K, 66 young (67584K), 8 survivors (8192K)
 Metaspace       used 184549K, committed 187200K, reserved 1245184K
  class space    used 24380K, committed 25664K, reserved 1048576K
GC Heap History (20 events):
Event: 48.757 GC heap before
{Heap before GC invocations=51 (full 0):
 garbage-first heap   total 271360K, used 239738K [0x0000000080000000, 0x0000000100000000)
  region size 1024K, 79 young (80896K), 6 survivors (6144K)
 Metaspace       used 128739K, committed 130880K, reserved 1179648K
  class space    used 17763K, committed 18816K, reserved 1048576K
}
Event: 48.780 GC heap after
{Heap after GC invocations=52 (full 0):
 garbage-first heap   total 271360K, used 166204K [0x0000000080000000, 0x0000000100000000)
  region size 1024K, 8 young (8192K), 8 survivors (8192K)
 Metaspace       used 128739K, committed 130880K, reserved 1179648K
  class space    used 17763K, committed 18816K, reserved 1048576K
}
Event: 53.380 GC heap before
{Heap before GC invocations=52 (full 0):
 garbage-first heap   total 271360K, used 244028K [0x0000000080000000, 0x0000000100000000)
  region size 1024K, 85 young (87040K), 8 survivors (8192K)
 Metaspace       used 137301K, committed 139584K, reserved 1179648K
  class space    used 18745K, committed 19840K, reserved 1048576K
}
Event: 53.402 GC heap after
{Heap after GC invocations=53 (full 0):
 garbage-first heap   total 271360K, used 171523K [0x0000000080000000, 0x0000000100000000)
  region size 1024K, 10 young (10240K), 10 survivors (10240K)
 Metaspace       used 137301K, committed 139584K, reserved 1179648K
  class space    used 18745K, committed 19840K, reserved 1048576K
}
Event: 57.723 GC heap before
{Heap before GC invocations=54 (full 0):
 garbage-first heap   total 286720K, used 246275K [0x0000000080000000, 0x0000000100000000)
  region size 1024K, 83 young (84992K), 10 survivors (10240K)
 Metaspace       used 148408K, committed 150656K, reserved 1179648K
  class space    used 19815K, committed 20928K, reserved 1048576K
}
Event: 57.756 GC heap after
{Heap after GC invocations=55 (full 0):
 garbage-first heap   total 286720K, used 177850K [0x0000000080000000, 0x0000000100000000)
  region size 1024K, 11 young (11264K), 11 survivors (11264K)
 Metaspace       used 148408K, committed 150656K, reserved 1179648K
  class space    used 19815K, committed 20928K, reserved 1048576K
}
Event: 64.625 GC heap before
{Heap before GC invocations=55 (full 0):
 garbage-first heap   total 286720K, used 261818K [0x0000000080000000, 0x0000000100000000)
  region size 1024K, 91 young (93184K), 11 survivors (11264K)
 Metaspace       used 155996K, committed 158336K, reserved 1245184K
  class space    used 20630K, committed 21760K, reserved 1048576K
}
Event: 64.646 GC heap after
{Heap after GC invocations=56 (full 0):
 garbage-first heap   total 286720K, used 183464K [0x0000000080000000, 0x0000000100000000)
  region size 1024K, 9 young (9216K), 9 survivors (9216K)
 Metaspace       used 155996K, committed 158336K, reserved 1245184K
  class space    used 20630K, committed 21760K, reserved 1048576K
}
Event: 71.911 GC heap before
{Heap before GC invocations=56 (full 0):
 garbage-first heap   total 286720K, used 267432K [0x0000000080000000, 0x0000000100000000)
  region size 1024K, 86 young (88064K), 9 survivors (9216K)
 Metaspace       used 161600K, committed 164032K, reserved 1245184K
  class space    used 21472K, committed 22656K, reserved 1048576K
}
Event: 71.941 GC heap after
{Heap after GC invocations=57 (full 0):
 garbage-first heap   total 286720K, used 190647K [0x0000000080000000, 0x0000000100000000)
  region size 1024K, 11 young (11264K), 11 survivors (11264K)
 Metaspace       used 161600K, committed 164032K, reserved 1245184K
  class space    used 21472K, committed 22656K, reserved 1048576K
}
Event: 74.976 GC heap before
{Heap before GC invocations=57 (full 0):
 garbage-first heap   total 286720K, used 258231K [0x0000000080000000, 0x0000000100000000)
  region size 1024K, 78 young (79872K), 11 survivors (11264K)
 Metaspace       used 163945K, committed 166400K, reserved 1245184K
  class space    used 21760K, committed 22976K, reserved 1048576K
}
Event: 75.010 GC heap after
{Heap after GC invocations=58 (full 0):
 garbage-first heap   total 286720K, used 199064K [0x0000000080000000, 0x0000000100000000)
  region size 1024K, 9 young (9216K), 9 survivors (9216K)
 Metaspace       used 163945K, committed 166400K, reserved 1245184K
  class space    used 21760K, committed 22976K, reserved 1048576K
}
Event: 78.937 GC heap before
{Heap before GC invocations=59 (full 0):
 garbage-first heap   total 334848K, used 260504K [0x0000000080000000, 0x0000000100000000)
  region size 1024K, 68 young (69632K), 9 survivors (9216K)
 Metaspace       used 164190K, committed 166656K, reserved 1245184K
  class space    used 21767K, committed 22976K, reserved 1048576K
}
Event: 78.964 GC heap after
{Heap after GC invocations=60 (full 0):
 garbage-first heap   total 334848K, used 205308K [0x0000000080000000, 0x0000000100000000)
  region size 1024K, 6 young (6144K), 6 survivors (6144K)
 Metaspace       used 164190K, committed 166656K, reserved 1245184K
  class space    used 21767K, committed 22976K, reserved 1048576K
}
Event: 87.337 GC heap before
{Heap before GC invocations=60 (full 0):
 garbage-first heap   total 334848K, used 302588K [0x0000000080000000, 0x0000000100000000)
  region size 1024K, 101 young (103424K), 6 survivors (6144K)
 Metaspace       used 170824K, committed 173312K, reserved 1245184K
  class space    used 22458K, committed 23680K, reserved 1048576K
}
Event: 87.369 GC heap after
{Heap after GC invocations=61 (full 0):
 garbage-first heap   total 334848K, used 212992K [0x0000000080000000, 0x0000000100000000)
  region size 1024K, 13 young (13312K), 13 survivors (13312K)
 Metaspace       used 170824K, committed 173312K, reserved 1245184K
  class space    used 22458K, committed 23680K, reserved 1048576K
}
Event: 94.095 GC heap before
{Heap before GC invocations=61 (full 0):
 garbage-first heap   total 334848K, used 303104K [0x0000000080000000, 0x0000000100000000)
  region size 1024K, 101 young (103424K), 13 survivors (13312K)
 Metaspace       used 177534K, committed 180096K, reserved 1245184K
  class space    used 23541K, committed 24832K, reserved 1048576K
}
Event: 94.119 GC heap after
{Heap after GC invocations=62 (full 0):
 garbage-first heap   total 334848K, used 206956K [0x0000000080000000, 0x0000000100000000)
  region size 1024K, 5 young (5120K), 5 survivors (5120K)
 Metaspace       used 177534K, committed 180096K, reserved 1245184K
  class space    used 23541K, committed 24832K, reserved 1048576K
}
Event: 94.852 GC heap before
{Heap before GC invocations=62 (full 0):
 garbage-first heap   total 334848K, used 220268K [0x0000000080000000, 0x0000000100000000)
  region size 1024K, 19 young (19456K), 5 survivors (5120K)
 Metaspace       used 178501K, committed 181120K, reserved 1245184K
  class space    used 23617K, committed 24896K, reserved 1048576K
}
Event: 94.870 GC heap after
{Heap after GC invocations=63 (full 0):
 garbage-first heap   total 334848K, used 209672K [0x0000000080000000, 0x0000000100000000)
  region size 1024K, 8 young (8192K), 8 survivors (8192K)
 Metaspace       used 178501K, committed 181120K, reserved 1245184K
  class space    used 23617K, committed 24896K, reserved 1048576K
}

