# JRE version: OpenJDK Runtime Environment (21.0.8) (build 21.0.8+-14018985-b1038.68)
# Java VM: OpenJDK 64-Bit Server VM (21.0.8+-14018985-b1038.68, mixed mode, tiered, compressed oops, compressed class ptrs, g1 gc, windows-amd64)
GC Precious Log:
 CardTable entry size: 512
 Card Set container configuration: InlinePtr #cards 5 size 8 Array Of Cards #cards 12 size 40 Howl #buckets 4 coarsen threshold 1843 Howl Bitmap #cards 512 size 80 coarsen threshold 460 Card regions per heap region 1 cards per card region 2048
 CPUs: 8 total, 8 available
 Memory: 8035M
 Large Page Support: Disabled
 NUMA Support: Disabled
 Compressed Oops: Enabled (32-bit)
 Heap Region Size: 1M
 Heap Min Capacity: 8M
 Heap Initial Capacity: 126M
 Heap Max Capacity: 2G
 Pre-touch: Disabled
 Parallel Workers: 8
 Concurrent Workers: 2
 Concurrent Refinement Workers: 8
 Periodic GC: Disabled
Heap:
 garbage-first heap   total 306176K, used 222720K [0x0000000080000000, 0x0000000100000000)
  region size 1024K, 22 young (22528K), 10 survivors (10240K)
 Metaspace       used 179512K, committed 182080K, reserved 1245184K
  class space    used 23745K, committed 24960K, reserved 1048576K
GC Heap History (20 events):
Event: 41.114 GC heap before
{Heap before GC invocations=58 (full 0):
 garbage-first heap   total 230400K, used 210257K [0x0000000080000000, 0x0000000100000000)
  region size 1024K, 76 young (77824K), 7 survivors (7168K)
 Metaspace       used 157842K, committed 160256K, reserved 1245184K
  class space    used 20711K, committed 21888K, reserved 1048576K
}
Event: 41.130 GC heap after
{Heap after GC invocations=59 (full 0):
 garbage-first heap   total 230400K, used 139309K [0x0000000080000000, 0x0000000100000000)
  region size 1024K, 4 young (4096K), 4 survivors (4096K)
 Metaspace       used 157842K, committed 160256K, reserved 1245184K
  class space    used 20711K, committed 21888K, reserved 1048576K
}
Event: 43.264 GC heap before
{Heap before GC invocations=59 (full 0):
 garbage-first heap   total 230400K, used 213037K [0x0000000080000000, 0x0000000100000000)
  region size 1024K, 76 young (77824K), 4 survivors (4096K)
 Metaspace       used 164013K, committed 166464K, reserved 1245184K
  class space    used 21784K, committed 22976K, reserved 1048576K
}
Event: 43.277 GC heap after
{Heap after GC invocations=60 (full 0):
 garbage-first heap   total 230400K, used 135317K [0x0000000080000000, 0x0000000100000000)
  region size 1024K, 7 young (7168K), 7 survivors (7168K)
 Metaspace       used 164013K, committed 166464K, reserved 1245184K
  class space    used 21784K, committed 22976K, reserved 1048576K
}
Event: 45.846 GC heap before
{Heap before GC invocations=61 (full 0):
 garbage-first heap   total 230400K, used 210069K [0x0000000080000000, 0x0000000100000000)
  region size 1024K, 80 young (81920K), 7 survivors (7168K)
 Metaspace       used 170152K, committed 172672K, reserved 1245184K
  class space    used 22719K, committed 23936K, reserved 1048576K
}
Event: 45.864 GC heap after
{Heap after GC invocations=62 (full 0):
 garbage-first heap   total 230400K, used 139014K [0x0000000080000000, 0x0000000100000000)
  region size 1024K, 7 young (7168K), 7 survivors (7168K)
 Metaspace       used 170152K, committed 172672K, reserved 1245184K
  class space    used 22719K, committed 23936K, reserved 1048576K
}
Event: 48.241 GC heap before
{Heap before GC invocations=62 (full 0):
 garbage-first heap   total 230400K, used 209670K [0x0000000080000000, 0x0000000100000000)
  region size 1024K, 77 young (78848K), 7 survivors (7168K)
 Metaspace       used 171881K, committed 174464K, reserved 1245184K
  class space    used 22929K, committed 24192K, reserved 1048576K
}
Event: 48.268 GC heap after
{Heap after GC invocations=63 (full 0):
 garbage-first heap   total 231424K, used 147865K [0x0000000080000000, 0x0000000100000000)
  region size 1024K, 10 young (10240K), 10 survivors (10240K)
 Metaspace       used 171881K, committed 174464K, reserved 1245184K
  class space    used 22929K, committed 24192K, reserved 1048576K
}
Event: 48.837 GC heap before
{Heap before GC invocations=63 (full 0):
 garbage-first heap   total 231424K, used 162201K [0x0000000080000000, 0x0000000100000000)
  region size 1024K, 25 young (25600K), 10 survivors (10240K)
 Metaspace       used 172966K, committed 175488K, reserved 1245184K
  class space    used 23015K, committed 24256K, reserved 1048576K
}
Event: 48.857 GC heap after
{Heap after GC invocations=64 (full 0):
 garbage-first heap   total 231424K, used 153243K [0x0000000080000000, 0x0000000100000000)
  region size 1024K, 5 young (5120K), 5 survivors (5120K)
 Metaspace       used 172966K, committed 175488K, reserved 1245184K
  class space    used 23015K, committed 24256K, reserved 1048576K
}
Event: 50.688 GC heap before
{Heap before GC invocations=65 (full 0):
 garbage-first heap   total 265216K, used 215707K [0x0000000080000000, 0x0000000100000000)
  region size 1024K, 62 young (63488K), 5 survivors (5120K)
 Metaspace       used 176131K, committed 178752K, reserved 1245184K
  class space    used 23399K, committed 24640K, reserved 1048576K
}
Event: 50.702 GC heap after
{Heap after GC invocations=66 (full 0):
 garbage-first heap   total 265216K, used 159168K [0x0000000080000000, 0x0000000100000000)
  region size 1024K, 8 young (8192K), 8 survivors (8192K)
 Metaspace       used 176131K, committed 178752K, reserved 1245184K
  class space    used 23399K, committed 24640K, reserved 1048576K
}
Event: 52.257 GC heap before
{Heap before GC invocations=66 (full 0):
 garbage-first heap   total 265216K, used 241088K [0x0000000080000000, 0x0000000100000000)
  region size 1024K, 89 young (91136K), 8 survivors (8192K)
 Metaspace       used 176683K, committed 179264K, reserved 1245184K
  class space    used 23496K, committed 24768K, reserved 1048576K
}
Event: 52.274 GC heap after
{Heap after GC invocations=67 (full 0):
 garbage-first heap   total 265216K, used 155941K [0x0000000080000000, 0x0000000100000000)
  region size 1024K, 10 young (10240K), 10 survivors (10240K)
 Metaspace       used 176683K, committed 179264K, reserved 1245184K
  class space    used 23496K, committed 24768K, reserved 1048576K
}
Event: 52.499 GC heap before
{Heap before GC invocations=67 (full 0):
 garbage-first heap   total 265216K, used 161061K [0x0000000080000000, 0x0000000100000000)
  region size 1024K, 17 young (17408K), 10 survivors (10240K)
 Metaspace       used 176884K, committed 179456K, reserved 1245184K
  class space    used 23515K, committed 24768K, reserved 1048576K
}
Event: 52.512 GC heap after
{Heap after GC invocations=68 (full 0):
 garbage-first heap   total 265216K, used 156650K [0x0000000080000000, 0x0000000100000000)
  region size 1024K, 7 young (7168K), 7 survivors (7168K)
 Metaspace       used 176884K, committed 179456K, reserved 1245184K
  class space    used 23515K, committed 24768K, reserved 1048576K
}
Event: 57.501 GC heap before
{Heap before GC invocations=69 (full 0):
 garbage-first heap   total 268288K, used 253930K [0x0000000080000000, 0x0000000100000000)
  region size 1024K, 91 young (93184K), 7 survivors (7168K)
 Metaspace       used 178990K, committed 181568K, reserved 1245184K
  class space    used 23701K, committed 24960K, reserved 1048576K
}
Event: 57.550 GC heap after
{Heap after GC invocations=70 (full 0):
 garbage-first heap   total 299008K, used 195584K [0x0000000080000000, 0x0000000100000000)
  region size 1024K, 12 young (12288K), 12 survivors (12288K)
 Metaspace       used 178990K, committed 181568K, reserved 1245184K
  class space    used 23701K, committed 24960K, reserved 1048576K
}
Event: 59.599 GC heap before
{Heap before GC invocations=70 (full 0):
 garbage-first heap   total 299008K, used 269312K [0x0000000080000000, 0x0000000100000000)
  region size 1024K, 77 young (78848K), 12 survivors (12288K)
 Metaspace       used 179486K, committed 182080K, reserved 1245184K
  class space    used 23742K, committed 24960K, reserved 1048576K
}
Event: 59.642 GC heap after
{Heap after GC invocations=71 (full 0):
 garbage-first heap   total 306176K, used 211456K [0x0000000080000000, 0x0000000100000000)
  region size 1024K, 10 young (10240K), 10 survivors (10240K)
 Metaspace       used 179486K, committed 182080K, reserved 1245184K
  class space    used 23742K, committed 24960K, reserved 1048576K
}

